#
# A fatal error has been detected by the Java Runtime Environment:
#
#  EXCEPTION_ACCESS_VIOLATION (0xc0000005) at pc=0x000000005a45d68b, pid=7436, tid=7936
#
# JRE version: 7.0_17-b02
# Java VM: Java HotSpot(TM) 64-Bit Server VM (23.7-b01 mixed mode windows-amd64 compressed oops)
# Problematic frame:
# V  [jvm.dll+0x11d68b]
#
# Failed to write core dump. Minidumps are not enabled by default on client versions of Windows
#
# If you would like to submit a bug report, please visit:
#   http://bugreport.sun.com/bugreport/crash.jsp
#

---------------  T H R E A D  ---------------

Current thread (0x000000000de30800):  JavaThread "JDWP Transport Listener: dt_socket" daemon [_thread_in_vm, id=7936, stack(0x000000000e680000,0x000000000e780000)]

siginfo: ExceptionCode=0xc0000005, reading address 0xffffffffffffffff

Registers:
RAX=0x000000000e77f401, RBX=0x000000000de30800, RCX=0x003b003b003b7972, RDX=0x000000000de30800
RSP=0x000000000e77f460, RBP=0x003b003b003b7972, RSI=0x000000000e77f578, RDI=0x00000000022482b0
R8 =0x000000000e77f578, R9 =0x0000010d0336001a, R10=0x3b726564724f2f65, R11=0x000000000de0c460
R12=0x0000000000000000, R13=0x0000000000000000, R14=0x0000000000000000, R15=0x0000000000000000
RIP=0x000000005a45d68b, EFLAGS=0x0000000000010206

Top of Stack: (sp=0x000000000e77f460)
0x000000000e77f460:   000000000de30800 00000000021240f0
0x000000000e77f470:   000000000e77f528 000000005a5e3f99
0x000000000e77f480:   000000000de30800 000000005a5ff962
0x000000000e77f490:   0000000000000042 000000000de30800
0x000000000e77f4a0:   000000000bed2418 000000006c96264e
0x000000000e77f4b0:   000000000de30800 0000000000000000
0x000000000e77f4c0:   0000000000000000 0000000000000000
0x000000000e77f4d0:   003b003b003b7972 000000006c961745
0x000000000e77f4e0:   000000000e77f578 000000000e77f550
0x000000000e77f4f0:   0000000000000001 000000000bed2418
0x000000000e77f500:   003b003b003b7972 000000006c9453b3
0x000000000e77f510:   000000000e77f640 0000000000000001
0x000000000e77f520:   0000000000000001 000000000bed2418
0x000000000e77f530:   000000000000000a 0000000000000000
0x000000000e77f540:   0000000000000000 0000000000000000
0x000000000e77f550:   0000000000000001 000000006c945571 

Instructions: (pc=0x000000005a45d68b)
0x000000005a45d66b:   48 8b 5c 24 30 48 89 47 18 48 83 c4 20 5f c3 cc
0x000000005a45d67b:   cc cc cc cc cc 40 53 48 83 ec 20 48 85 c9 74 54
0x000000005a45d68b:   48 8b 19 48 85 db 74 4c 48 b8 fe fe fe fe fe fe
0x000000005a45d69b:   fe fe 48 3b d8 74 3d 80 3d 6f e6 58 00 00 74 15 


Register to memory mapping:

RAX=0x000000000e77f401 is pointing into the stack for thread: 0x000000000de30800
RBX=0x000000000de30800 is a thread
RCX=0x003b003b003b7972 is an unknown value
RDX=0x000000000de30800 is a thread
RSP=0x000000000e77f460 is pointing into the stack for thread: 0x000000000de30800
RBP=0x003b003b003b7972 is an unknown value
RSI=0x000000000e77f578 is pointing into the stack for thread: 0x000000000de30800
RDI=0x00000000022482b0 is an unknown value
R8 =0x000000000e77f578 is pointing into the stack for thread: 0x000000000de30800
R9 =0x0000010d0336001a is an unknown value
R10=0x3b726564724f2f65 is an unknown value
R11=0x000000000de0c460 is an unknown value
R12=0x0000000000000000 is an unknown value
R13=0x0000000000000000 is an unknown value
R14=0x0000000000000000 is an unknown value
R15=0x0000000000000000 is an unknown value


Stack: [0x000000000e680000,0x000000000e780000],  sp=0x000000000e77f460,  free space=1021k
Native frames: (J=compiled Java code, j=interpreted, Vv=VM code, C=native code)
V  [jvm.dll+0x11d68b]


---------------  P R O C E S S  ---------------

Java Threads: ( => current thread )
  0x000000000de5d800 JavaThread "Service Thread" daemon [_thread_blocked, id=8156, stack(0x000000000f170000,0x000000000f270000)]
  0x000000000de5b000 JavaThread "C2 CompilerThread1" daemon [_thread_blocked, id=6580, stack(0x000000000ef80000,0x000000000f080000)]
  0x000000000de57800 JavaThread "C2 CompilerThread0" daemon [_thread_blocked, id=7900, stack(0x000000000ea60000,0x000000000eb60000)]
  0x000000000de43800 JavaThread "JDWP Command Reader" daemon [_thread_in_native, id=7192, stack(0x000000000ed00000,0x000000000ee00000)]
  0x000000000de43000 JavaThread "JDWP Event Helper Thread" daemon [_thread_blocked, id=6620, stack(0x000000000e440000,0x000000000e540000)]
=>0x000000000de30800 JavaThread "JDWP Transport Listener: dt_socket" daemon [_thread_in_vm, id=7936, stack(0x000000000e680000,0x000000000e780000)]
  0x000000000de1d000 JavaThread "Attach Listener" daemon [_thread_blocked, id=7504, stack(0x000000000e560000,0x000000000e660000)]
  0x000000000de1c000 JavaThread "Signal Dispatcher" daemon [_thread_blocked, id=6448, stack(0x000000000e340000,0x000000000e440000)]
  0x000000000bed9800 JavaThread "Finalizer" daemon [_thread_blocked, id=7816, stack(0x000000000dcb0000,0x000000000ddb0000)]
  0x000000000bed1000 JavaThread "Reference Handler" daemon [_thread_blocked, id=2792, stack(0x000000000db50000,0x000000000dc50000)]
  0x000000000224d000 JavaThread "main" [_thread_blocked, id=6068, stack(0x00000000024b0000,0x00000000025b0000)]

Other Threads:
  0x000000000bec5800 VMThread [stack: 0x000000000da10000,0x000000000db10000] [id=7212]
  0x000000000de7a800 WatcherThread [stack: 0x000000000e890000,0x000000000e990000] [id=7692]

VM state:not at safepoint (normal execution)

VM Mutex/Monitor currently owned by a thread: None

Heap
 PSYoungGen      total 38144K, used 15718K [0x00000007d56b0000, 0x00000007d8140000, 0x0000000800000000)
  eden space 32704K, 48% used [0x00000007d56b0000,0x00000007d6609a88,0x00000007d76a0000)
  from space 5440K, 0% used [0x00000007d7bf0000,0x00000007d7bf0000,0x00000007d8140000)
  to   space 5440K, 0% used [0x00000007d76a0000,0x00000007d76a0000,0x00000007d7bf0000)
 ParOldGen       total 87232K, used 0K [0x0000000780400000, 0x0000000785930000, 0x00000007d56b0000)
  object space 87232K, 0% used [0x0000000780400000,0x0000000780400000,0x0000000785930000)
 PSPermGen       total 21248K, used 7621K [0x000000077b200000, 0x000000077c6c0000, 0x0000000780400000)
  object space 21248K, 35% used [0x000000077b200000,0x000000077b971788,0x000000077c6c0000)

Card table byte_map: [0x00000000055b0000,0x00000000059e0000] byte_map_base: 0x00000000019d7000

Polling page: 0x0000000000090000

Code Cache  [0x00000000025b0000, 0x0000000002820000, 0x00000000055b0000)
 total_blobs=350 nmethods=84 adapters=225 free_code_cache=48491Kb largest_free_block=49629696

Compilation events (10 events):
Event: 2.562 Thread 0x000000000de5b000 nmethod 79 0x000000000263e310 code [0x000000000263e4a0, 0x000000000263e6d0]
Event: 2.564 Thread 0x000000000de57800 nmethod 78 0x00000000026441d0 code [0x0000000002644420, 0x0000000002645680]
Event: 5.158 Thread 0x000000000de5b000   80   !         sun.nio.cs.ext.DoubleByte$Decoder::decodeArrayLoop (327 bytes)
Event: 5.158 Thread 0x000000000de57800   81             com.sun.crypto.provider.ARCFOURCipher::crypt (129 bytes)
Event: 5.170 Thread 0x000000000de57800 nmethod 81 0x000000000263ff50 code [0x00000000026400a0, 0x0000000002640868]
Event: 5.170 Thread 0x000000000de57800   82   !         java.io.BufferedReader::readLine (304 bytes)
Event: 5.181 Thread 0x000000000de5b000 nmethod 80 0x0000000002656d90 code [0x0000000002656fc0, 0x0000000002657d38]
Event: 5.181 Thread 0x000000000de5b000   83             java.util.HashMap::getEntry (77 bytes)
Event: 5.185 Thread 0x000000000de5b000 nmethod 83 0x000000000263f950 code [0x000000000263fac0, 0x000000000263fd28]
Event: 5.189 Thread 0x000000000de57800 nmethod 82 0x0000000002647410 code [0x00000000026475e0, 0x0000000002648ad0]

GC Heap History (0 events):
No events

Deoptimization events (10 events):
Event: 2.561 Thread 0x000000000224d000 Uncommon trap -34 fr.pc 0x0000000002638c08
Event: 2.561 Thread 0x000000000224d000 Uncommon trap -34 fr.pc 0x0000000002638c08
Event: 2.566 Thread 0x000000000224d000 Uncommon trap -89 fr.pc 0x000000000264535c
Event: 2.567 Thread 0x000000000224d000 Uncommon trap -89 fr.pc 0x000000000264535c
Event: 2.568 Thread 0x000000000224d000 Uncommon trap -89 fr.pc 0x000000000264535c
Event: 2.568 Thread 0x000000000224d000 Uncommon trap -89 fr.pc 0x000000000264535c
Event: 2.570 Thread 0x000000000224d000 Uncommon trap -89 fr.pc 0x000000000264535c
Event: 2.570 Thread 0x000000000224d000 Uncommon trap -89 fr.pc 0x000000000264535c
Event: 2.571 Thread 0x000000000224d000 Uncommon trap -89 fr.pc 0x000000000264535c
Event: 2.572 Thread 0x000000000224d000 Uncommon trap -89 fr.pc 0x000000000264535c

Internal exceptions (10 events):
Event: 4.215 Thread 0x000000000224d000 Threw 0x00000007d64ce298 at C:\jdk7u2_64p\jdk7u17\hotspot\src\share\vm\prims\jvm.cpp:1166
Event: 4.217 Thread 0x000000000224d000 Threw 0x00000007d64db730 at C:\jdk7u2_64p\jdk7u17\hotspot\src\share\vm\prims\jvm.cpp:1166
Event: 4.218 Thread 0x000000000224d000 Threw 0x00000007d64dcc70 at C:\jdk7u2_64p\jdk7u17\hotspot\src\share\vm\prims\jvm.cpp:1166
Event: 4.220 Thread 0x000000000224d000 Threw 0x00000007d64e10a0 at C:\jdk7u2_64p\jdk7u17\hotspot\src\share\vm\prims\jvm.cpp:1166
Event: 4.220 Thread 0x000000000224d000 Threw 0x00000007d64e4188 at C:\jdk7u2_64p\jdk7u17\hotspot\src\share\vm\prims\jvm.cpp:1166
Event: 5.168 Thread 0x000000000224d000 Threw 0x00000007d65331d8 at C:\jdk7u2_64p\jdk7u17\hotspot\src\share\vm\prims\jvm.cpp:1166
Event: 5.169 Thread 0x000000000224d000 Threw 0x00000007d65355e8 at C:\jdk7u2_64p\jdk7u17\hotspot\src\share\vm\prims\jvm.cpp:1166
Event: 5.170 Thread 0x000000000224d000 Threw 0x00000007d6536c78 at C:\jdk7u2_64p\jdk7u17\hotspot\src\share\vm\prims\jvm.cpp:1166
Event: 5.170 Thread 0x000000000224d000 Threw 0x00000007d65388e8 at C:\jdk7u2_64p\jdk7u17\hotspot\src\share\vm\prims\jvm.cpp:1166
Event: 5.171 Thread 0x000000000224d000 Threw 0x00000007d653a310 at C:\jdk7u2_64p\jdk7u17\hotspot\src\share\vm\prims\jvm.cpp:1166

Events (10 events):
Event: 9.214 loading class 0x000000000bece7b0 done
Event: 9.214 loading class 0x000000000becfcc0
Event: 9.214 loading class 0x000000000bedb2f0
Event: 9.215 loading class 0x000000000bedb2f0 done
Event: 9.215 loading class 0x000000000becfcc0 done
Event: 14.216 Executing VM operation: RevokeBias
Event: 14.216 Executing VM operation: RevokeBias done
Event: 14.216 Thread 0x000000000f56a800 Thread exited: 0x000000000f56a800
Event: 22.810 Executing VM operation: RedefineClasses
Event: 22.810 Executing VM operation: RedefineClasses done


Dynamic libraries:
0x000000013fd40000 - 0x000000013fd73000 	C:\Program Files\Java\jre7\bin\javaw.exe
0x00000000771b0000 - 0x0000000077359000 	C:\Windows\SYSTEM32\ntdll.dll
0x0000000076f90000 - 0x00000000770af000 	C:\Windows\system32\kernel32.dll
0x000007fefd050000 - 0x000007fefd0bb000 	C:\Windows\system32\KERNELBASE.dll
0x000007fefdc40000 - 0x000007fefdd1b000 	C:\Windows\system32\ADVAPI32.dll
0x000007fefefa0000 - 0x000007feff03f000 	C:\Windows\system32\msvcrt.dll
0x000007fefef80000 - 0x000007fefef9f000 	C:\Windows\SYSTEM32\sechost.dll
0x000007fefdd20000 - 0x000007fefde4d000 	C:\Windows\system32\RPCRT4.dll
0x00000000770b0000 - 0x00000000771aa000 	C:\Windows\system32\USER32.dll
0x000007feff040000 - 0x000007feff0a7000 	C:\Windows\system32\GDI32.dll
0x000007fefdc30000 - 0x000007fefdc3e000 	C:\Windows\system32\LPK.dll
0x000007fefd840000 - 0x000007fefd909000 	C:\Windows\system32\USP10.dll
0x000007fefb8f0000 - 0x000007fefbae4000 	C:\Windows\WinSxS\amd64_microsoft.windows.common-controls_6595b64144ccf1df_6.0.7601.17514_none_fa396087175ac9ac\COMCTL32.dll
0x000007fefdbb0000 - 0x000007fefdc21000 	C:\Windows\system32\SHLWAPI.dll
0x000007fefde50000 - 0x000007fefde7e000 	C:\Windows\system32\IMM32.DLL
0x000007fefde80000 - 0x000007fefdf89000 	C:\Windows\system32\MSCTF.dll
0x000000006c790000 - 0x000000006c861000 	C:\Program Files\Java\jre7\bin\msvcr100.dll
0x000000005a340000 - 0x000000005aa5f000 	C:\Program Files\Java\jre7\bin\server\jvm.dll
0x000007fef6d60000 - 0x000007fef6d69000 	C:\Windows\system32\WSOCK32.dll
0x000007fefd460000 - 0x000007fefd4ad000 	C:\Windows\system32\WS2_32.dll
0x000007fefdba0000 - 0x000007fefdba8000 	C:\Windows\system32\NSI.dll
0x000007fef9920000 - 0x000007fef995b000 	C:\Windows\system32\WINMM.dll
0x0000000077370000 - 0x0000000077377000 	C:\Windows\system32\PSAPI.DLL
0x0000000070b30000 - 0x0000000070b3f000 	C:\Program Files\Java\jre7\bin\verify.dll
0x000000006f700000 - 0x000000006f728000 	C:\Program Files\Java\jre7\bin\java.dll
0x000000006c940000 - 0x000000006c975000 	C:\Program Files\Java\jre7\bin\jdwp.dll
0x0000000070ad0000 - 0x0000000070ad8000 	C:\Program Files\Java\jre7\bin\npt.dll
0x0000000070b10000 - 0x0000000070b25000 	C:\Program Files\Java\jre7\bin\zip.dll
0x000000006f6d0000 - 0x000000006f6d9000 	C:\Program Files\Java\jre7\bin\dt_socket.dll
0x000007fefac70000 - 0x000007fefac85000 	C:\Windows\system32\NLAapi.dll
0x000007fef2830000 - 0x000007fef2845000 	C:\Windows\system32\napinsp.dll
0x000007fef27b0000 - 0x000007fef27c9000 	C:\Windows\system32\pnrpnsp.dll
0x000007fefc7c0000 - 0x000007fefc815000 	C:\Windows\System32\mswsock.dll
0x000007fefc640000 - 0x000007fefc69b000 	C:\Windows\system32\DNSAPI.dll
0x000007fef2760000 - 0x000007fef276b000 	C:\Windows\System32\winrnr.dll
0x000007fef8320000 - 0x000007fef834f000 	C:\Program Files\Common Files\Microsoft Shared\Windows Live\WLIDNSP.DLL
0x000007fefaa70000 - 0x000007fefaa97000 	C:\Windows\system32\IPHLPAPI.DLL
0x000007fefa8c0000 - 0x000007fefa8cb000 	C:\Windows\system32\WINNSI.DLL
0x000007fefa7b0000 - 0x000007fefa803000 	C:\Windows\System32\fwpuclnt.dll
0x000007fef82c0000 - 0x000007fef82c8000 	C:\Windows\system32\rasadhlp.dll
0x000007fefc150000 - 0x000007fefc157000 	C:\Windows\System32\wshtcpip.dll
0x000000006e7d0000 - 0x000000006e7f4000 	C:\Program Files\Java\jre7\bin\sunec.dll
0x0000000070b40000 - 0x0000000070b4b000 	C:\Program Files\Java\jre7\bin\sunmscapi.dll
0x000007fefd140000 - 0x000007fefd2ac000 	C:\Windows\system32\CRYPT32.dll
0x000007fefd030000 - 0x000007fefd03f000 	C:\Windows\system32\MSASN1.dll
0x000007fefc820000 - 0x000007fefc837000 	C:\Windows\system32\CRYPTSP.dll
0x0000000061000000 - 0x00000000610f5000 	C:\Program Files\Common Files\Entrust\ESP\eedftcsp64.dll
0x0000000074d00000 - 0x0000000074dc9000 	C:\Windows\WinSxS\amd64_microsoft.vc80.crt_1fc8b3b9a1e18e3b_8.0.50727.6195_none_88e41e092fab0294\MSVCR80.dll
0x0000000010000000 - 0x0000000010011000 	C:\Windows\system32\EELOG64.DLL
0x000007fefb570000 - 0x000007fefb5c6000 	C:\Windows\system32\uxtheme.dll
0x000007fefc520000 - 0x000007fefc567000 	C:\Windows\system32\rsaenh.dll
0x000007fefc280000 - 0x000007fefc29e000 	C:\Windows\system32\USERENV.dll
0x000007fefcf90000 - 0x000007fefcf9f000 	C:\Windows\system32\profapi.dll
0x000007fefce80000 - 0x000007fefce8f000 	C:\Windows\system32\CRYPTBASE.dll
0x000000006f6e0000 - 0x000000006f6f9000 	C:\Program Files\Java\jre7\bin\net.dll
0x000007fefc7b0000 - 0x000007fefc7b7000 	C:\Windows\System32\wship6.dll
0x000000006e880000 - 0x000000006e891000 	C:\Program Files\Java\jre7\bin\nio.dll
0x000007feeade0000 - 0x000007feeaf05000 	C:\Windows\system32\dbghelp.dll

VM Arguments:
jvm_args: -agentlib:jdwp=transport=dt_socket,suspend=y,address=localhost:56325 -Dfile.encoding=GBK 
java_command: Algorithm.MarketMaker
Launcher Type: SUN_STANDARD

Environment Variables:
PATH=C:\Anaconda;C:\Anaconda\Scripts;C:\Program Files\Common Files\Microsoft Shared\Windows Live;C:\Program Files (x86)\Common Files\Microsoft Shared\Windows Live;C:\Program Files (x86)\NVIDIA Corporation\PhysX\Common;C:\Windows\system32;C:\Windows;C:\Windows\System32\Wbem;C:\Windows\System32\WindowsPowerShell\v1.0\;C:\Program Files\MATLAB\R2012a\runtime\win64;C:\Program Files\MATLAB\R2012a\bin;C:\Program Files (x86)\Windows Live\Shared;C:\Program Files\Microsoft Windows Performance Toolkit\;C:\Program Files (x86)\Bitvise SSH Client
USERNAME=~Tony~
OS=Windows_NT
PROCESSOR_IDENTIFIER=Intel64 Family 6 Model 42 Stepping 7, GenuineIntel



---------------  S Y S T E M  ---------------

OS: Windows 7 , 64 bit Build 7601 Service Pack 1

CPU:total 8 (4 cores per cpu, 2 threads per core) family 6 model 42 stepping 7, cmov, cx8, fxsr, mmx, sse, sse2, sse3, ssse3, sse4.1, sse4.2, popcnt, avx, ht, tsc, tscinvbit

Memory: 4k page, physical 8370648k(5002348k free), swap 16739432k(12459200k free)

vm_info: Java HotSpot(TM) 64-Bit Server VM (23.7-b01) for windows-amd64 JRE (1.7.0_17-b02), built on Mar  1 2013 03:38:30 by "java_re" with unknown MS VC++:1600

time: Fri Nov 15 21:25:33 2013
elapsed time: 23 seconds

